<?xml version="1.0" encoding="UTF-8"?>
<!-- Generated by org.testng.reporters.JUnitReportReporter -->
<testsuite skipped="0" hostname="LAPTOP-D563QBST" name="HomePageValidation.SangamTest.DOBValidDateErrorTest" tests="1" failures="0" timestamp="25 May 2020 06:36:29 GMT" time="51.070" errors="0">
  <testcase name="DOBValidDateError" time="51.070" classname="HomePageValidation.SangamTest.DOBValidDateErrorTest"/>
</testsuite> <!-- HomePageValidation.SangamTest.DOBValidDateErrorTest -->
