<?xml version="1.0" encoding="UTF-8"?>
<!-- Generated by org.testng.reporters.JUnitReportReporter -->
<testsuite skipped="0" hostname="LAPTOP-D563QBST" name="HomePageValidation.SangamTest.DOBBlankErrorTest" tests="1" failures="0" timestamp="25 May 2020 06:36:29 GMT" time="30.018" errors="0">
  <testcase name="DOBBlankError" time="30.018" classname="HomePageValidation.SangamTest.DOBBlankErrorTest"/>
</testsuite> <!-- HomePageValidation.SangamTest.DOBBlankErrorTest -->
